<?xml version="1.0" encoding="UTF-8"?>
<coverage generated="1587589026">
  <project timestamp="1587589026">
    <package name="PaBlo\ArticleLimitPerOrder\Core">
      <file name="/var/www/oxideshop/source/modules/pb/ArticleLimitPerOrder/Core/ArticleLimitPerOrder.php">
        <class name="PaBlo\ArticleLimitPerOrder\Core\ArticleLimitPerOrder" namespace="PaBlo\ArticleLimitPerOrder\Core" fullPackage="PaBlo" package="PaBlo">
          <metrics complexity="6" methods="2" coveredmethods="2" conditionals="0" coveredconditionals="0" statements="21" coveredstatements="21" elements="23" coveredelements="23"/>
        </class>
        <line num="22" type="method" name="onActivate" visibility="public" complexity="2" crap="2" count="1"/>
        <line num="24" type="stmt" count="1"/>
        <line num="26" type="stmt" count="1"/>
        <line num="27" type="stmt" count="1"/>
        <line num="28" type="stmt" count="1"/>
        <line num="31" type="stmt" count="1"/>
        <line num="36" type="method" name="onDeactivate" visibility="public" complexity="4" crap="4" count="1"/>
        <line num="38" type="stmt" count="1"/>
        <line num="40" type="stmt" count="1"/>
        <line num="41" type="stmt" count="1"/>
        <line num="43" type="stmt" count="1"/>
        <line num="44" type="stmt" count="1"/>
        <line num="45" type="stmt" count="1"/>
        <line num="46" type="stmt" count="1"/>
        <line num="47" type="stmt" count="1"/>
        <line num="50" type="stmt" count="1"/>
        <line num="53" type="stmt" count="1"/>
        <line num="54" type="stmt" count="1"/>
        <line num="55" type="stmt" count="1"/>
        <line num="56" type="stmt" count="1"/>
        <line num="57" type="stmt" count="1"/>
        <line num="59" type="stmt" count="1"/>
        <line num="61" type="stmt" count="1"/>
        <metrics loc="62" ncloc="46" classes="1" methods="2" coveredmethods="2" conditionals="0" coveredconditionals="0" statements="21" coveredstatements="21" elements="23" coveredelements="23"/>
      </file>
    </package>
    <metrics files="1" loc="62" ncloc="46" classes="1" methods="2" coveredmethods="2" conditionals="0" coveredconditionals="0" statements="21" coveredstatements="21" elements="23" coveredelements="23"/>
  </project>
</coverage>
